mode: set
github.com/furqonzt99/todo-api/repository/project/project.go:12.53,14.2 1 1
github.com/furqonzt99/todo-api/repository/project/project.go:24.75,27.97 2 1
github.com/furqonzt99/todo-api/repository/project/project.go:31.2,31.22 1 1
github.com/furqonzt99/todo-api/repository/project/project.go:27.97,29.3 1 0
github.com/furqonzt99/todo-api/repository/project/project.go:34.85,37.108 2 1
github.com/furqonzt99/todo-api/repository/project/project.go:41.2,41.21 1 1
github.com/furqonzt99/todo-api/repository/project/project.go:37.108,39.3 1 1
github.com/furqonzt99/todo-api/repository/project/project.go:44.85,46.53 1 1
github.com/furqonzt99/todo-api/repository/project/project.go:50.2,50.21 1 1
github.com/furqonzt99/todo-api/repository/project/project.go:46.53,48.3 1 0
github.com/furqonzt99/todo-api/repository/project/project.go:53.110,57.63 3 1
github.com/furqonzt99/todo-api/repository/project/project.go:61.2,61.15 1 1
github.com/furqonzt99/todo-api/repository/project/project.go:57.63,59.3 1 1
github.com/furqonzt99/todo-api/repository/project/project.go:64.88,67.93 2 1
github.com/furqonzt99/todo-api/repository/project/project.go:71.2,71.21 1 1
github.com/furqonzt99/todo-api/repository/project/project.go:67.93,69.3 1 0
github.com/furqonzt99/todo-api/delivery/controllers/user/user.go:17.62,19.2 1 1
github.com/furqonzt99/todo-api/delivery/controllers/user/user.go:21.57,30.16 6 1
github.com/furqonzt99/todo-api/delivery/controllers/user/user.go:34.2,34.59 1 1
github.com/furqonzt99/todo-api/delivery/controllers/user/user.go:30.16,32.3 1 1
github.com/furqonzt99/todo-api/delivery/controllers/user/user.go:37.54,42.16 4 1
github.com/furqonzt99/todo-api/delivery/controllers/user/user.go:46.2,47.16 2 1
github.com/furqonzt99/todo-api/delivery/controllers/user/user.go:51.2,53.10 2 1
github.com/furqonzt99/todo-api/delivery/controllers/user/user.go:57.2,57.61 1 1
github.com/furqonzt99/todo-api/delivery/controllers/user/user.go:42.16,44.3 1 1
github.com/furqonzt99/todo-api/delivery/controllers/user/user.go:47.16,49.3 1 1
github.com/furqonzt99/todo-api/delivery/controllers/user/user.go:53.10,55.3 1 1
github.com/furqonzt99/todo-api/delivery/controllers/user/user.go:60.56,64.16 3 1
github.com/furqonzt99/todo-api/delivery/controllers/user/user.go:68.2,68.60 1 1
github.com/furqonzt99/todo-api/delivery/controllers/user/user.go:64.16,66.3 1 1
github.com/furqonzt99/todo-api/delivery/controllers/user/user.go:71.55,76.16 3 0
github.com/furqonzt99/todo-api/delivery/controllers/user/user.go:80.2,80.59 1 0
github.com/furqonzt99/todo-api/delivery/controllers/user/user.go:76.16,78.3 1 0
github.com/furqonzt99/todo-api/delivery/controllers/user/user.go:83.55,87.16 3 1
github.com/furqonzt99/todo-api/delivery/controllers/user/user.go:91.2,101.16 8 1
github.com/furqonzt99/todo-api/delivery/controllers/user/user.go:105.2,105.63 1 1
github.com/furqonzt99/todo-api/delivery/controllers/user/user.go:87.16,89.3 1 1
github.com/furqonzt99/todo-api/delivery/controllers/user/user.go:101.16,103.3 1 1
github.com/furqonzt99/todo-api/utils/driver.go:10.49,24.16 3 1
github.com/furqonzt99/todo-api/utils/driver.go:28.2,28.11 1 1
github.com/furqonzt99/todo-api/utils/driver.go:24.16,25.13 1 0
github.com/furqonzt99/todo-api/utils/driver.go:31.35,35.2 3 1
github.com/furqonzt99/todo-api/configs/config.go:26.29,30.22 3 1
github.com/furqonzt99/todo-api/configs/config.go:34.2,34.18 1 1
github.com/furqonzt99/todo-api/configs/config.go:30.22,32.3 1 1
github.com/furqonzt99/todo-api/configs/config.go:37.30,51.45 12 1
github.com/furqonzt99/todo-api/configs/config.go:56.2,60.16 3 0
github.com/furqonzt99/todo-api/configs/config.go:64.2,64.21 1 0
github.com/furqonzt99/todo-api/configs/config.go:51.45,54.3 2 1
github.com/furqonzt99/todo-api/configs/config.go:60.16,61.43 1 0
github.com/furqonzt99/todo-api/delivery/middlewares/hashpwd.go:5.42,8.2 2 1
github.com/furqonzt99/todo-api/delivery/middlewares/hashpwd.go:10.47,12.16 2 1
github.com/furqonzt99/todo-api/delivery/middlewares/hashpwd.go:15.2,15.18 1 1
github.com/furqonzt99/todo-api/delivery/middlewares/hashpwd.go:12.16,14.3 1 1
github.com/furqonzt99/todo-api/delivery/common/response.go:14.56,20.2 1 1
github.com/furqonzt99/todo-api/delivery/common/response.go:22.60,27.2 1 1
github.com/furqonzt99/todo-api/delivery/middlewares/jwt.go:11.46,18.2 6 1
github.com/furqonzt99/todo-api/delivery/middlewares/jwt.go:20.45,22.16 2 1
github.com/furqonzt99/todo-api/delivery/middlewares/jwt.go:27.2,27.10 1 0
github.com/furqonzt99/todo-api/delivery/middlewares/jwt.go:22.16,26.3 3 1
github.com/furqonzt99/todo-api/repository/todo/todo.go:12.47,14.2 1 1
github.com/furqonzt99/todo-api/repository/todo/todo.go:24.69,27.78 2 1
github.com/furqonzt99/todo-api/repository/todo/todo.go:31.2,31.19 1 1
github.com/furqonzt99/todo-api/repository/todo/todo.go:27.78,29.3 1 0
github.com/furqonzt99/todo-api/repository/todo/todo.go:34.76,37.109 2 1
github.com/furqonzt99/todo-api/repository/todo/todo.go:41.2,41.18 1 1
github.com/furqonzt99/todo-api/repository/todo/todo.go:37.109,39.3 1 1
github.com/furqonzt99/todo-api/repository/todo/todo.go:44.73,46.50 1 1
github.com/furqonzt99/todo-api/repository/todo/todo.go:50.2,50.18 1 1
github.com/furqonzt99/todo-api/repository/todo/todo.go:46.50,48.3 1 0
github.com/furqonzt99/todo-api/repository/todo/todo.go:53.95,57.60 3 1
github.com/furqonzt99/todo-api/repository/todo/todo.go:61.2,61.15 1 1
github.com/furqonzt99/todo-api/repository/todo/todo.go:57.60,59.3 1 1
github.com/furqonzt99/todo-api/repository/todo/todo.go:64.79,67.87 2 1
github.com/furqonzt99/todo-api/repository/todo/todo.go:71.2,71.18 1 1
github.com/furqonzt99/todo-api/repository/todo/todo.go:67.87,69.3 1 0
github.com/furqonzt99/todo-api/delivery/controllers/project/project.go:18.73,20.2 1 1
github.com/furqonzt99/todo-api/delivery/controllers/project/project.go:22.57,27.16 3 1
github.com/furqonzt99/todo-api/delivery/controllers/project/project.go:31.2,31.64 1 1
github.com/furqonzt99/todo-api/delivery/controllers/project/project.go:27.16,29.3 1 0
github.com/furqonzt99/todo-api/delivery/controllers/project/project.go:34.54,37.16 2 1
github.com/furqonzt99/todo-api/delivery/controllers/project/project.go:41.2,45.16 3 1
github.com/furqonzt99/todo-api/delivery/controllers/project/project.go:49.2,49.63 1 1
github.com/furqonzt99/todo-api/delivery/controllers/project/project.go:37.16,39.3 1 0
github.com/furqonzt99/todo-api/delivery/controllers/project/project.go:45.16,47.3 1 1
github.com/furqonzt99/todo-api/delivery/controllers/project/project.go:52.57,62.16 6 1
github.com/furqonzt99/todo-api/delivery/controllers/project/project.go:66.2,66.63 1 1
github.com/furqonzt99/todo-api/delivery/controllers/project/project.go:62.16,64.3 1 0
github.com/furqonzt99/todo-api/delivery/controllers/project/project.go:69.55,72.16 2 1
github.com/furqonzt99/todo-api/delivery/controllers/project/project.go:76.2,85.16 6 1
github.com/furqonzt99/todo-api/delivery/controllers/project/project.go:89.2,89.63 1 1
github.com/furqonzt99/todo-api/delivery/controllers/project/project.go:72.16,74.3 1 1
github.com/furqonzt99/todo-api/delivery/controllers/project/project.go:85.16,87.3 1 1
github.com/furqonzt99/todo-api/delivery/controllers/project/project.go:92.57,95.16 2 1
github.com/furqonzt99/todo-api/delivery/controllers/project/project.go:99.2,103.16 3 1
github.com/furqonzt99/todo-api/delivery/controllers/project/project.go:107.2,107.63 1 1
github.com/furqonzt99/todo-api/delivery/controllers/project/project.go:95.16,97.3 1 1
github.com/furqonzt99/todo-api/delivery/controllers/project/project.go:103.16,105.3 1 0
github.com/furqonzt99/todo-api/delivery/controllers/todo/todo.go:19.61,21.2 1 1
github.com/furqonzt99/todo-api/delivery/controllers/todo/todo.go:23.54,28.16 3 1
github.com/furqonzt99/todo-api/delivery/controllers/todo/todo.go:32.2,32.61 1 1
github.com/furqonzt99/todo-api/delivery/controllers/todo/todo.go:28.16,30.3 1 0
github.com/furqonzt99/todo-api/delivery/controllers/todo/todo.go:35.51,38.16 2 1
github.com/furqonzt99/todo-api/delivery/controllers/todo/todo.go:42.2,46.16 3 1
github.com/furqonzt99/todo-api/delivery/controllers/todo/todo.go:50.2,50.60 1 1
github.com/furqonzt99/todo-api/delivery/controllers/todo/todo.go:38.16,40.3 1 0
github.com/furqonzt99/todo-api/delivery/controllers/todo/todo.go:46.16,48.3 1 1
github.com/furqonzt99/todo-api/delivery/controllers/todo/todo.go:53.54,75.16 13 1
github.com/furqonzt99/todo-api/delivery/controllers/todo/todo.go:79.2,79.60 1 1
github.com/furqonzt99/todo-api/delivery/controllers/todo/todo.go:75.16,77.3 1 0
github.com/furqonzt99/todo-api/delivery/controllers/todo/todo.go:82.52,85.16 2 1
github.com/furqonzt99/todo-api/delivery/controllers/todo/todo.go:89.2,110.16 13 1
github.com/furqonzt99/todo-api/delivery/controllers/todo/todo.go:114.2,114.60 1 1
github.com/furqonzt99/todo-api/delivery/controllers/todo/todo.go:85.16,87.3 1 1
github.com/furqonzt99/todo-api/delivery/controllers/todo/todo.go:110.16,112.3 1 1
github.com/furqonzt99/todo-api/delivery/controllers/todo/todo.go:117.54,120.16 2 1
github.com/furqonzt99/todo-api/delivery/controllers/todo/todo.go:124.2,128.16 3 1
github.com/furqonzt99/todo-api/delivery/controllers/todo/todo.go:132.2,132.60 1 1
github.com/furqonzt99/todo-api/delivery/controllers/todo/todo.go:120.16,122.3 1 1
github.com/furqonzt99/todo-api/delivery/controllers/todo/todo.go:128.16,130.3 1 0
github.com/furqonzt99/todo-api/delivery/controllers/todo/todo.go:135.59,138.16 2 1
github.com/furqonzt99/todo-api/delivery/controllers/todo/todo.go:142.2,152.16 7 1
github.com/furqonzt99/todo-api/delivery/controllers/todo/todo.go:156.2,156.60 1 0
github.com/furqonzt99/todo-api/delivery/controllers/todo/todo.go:138.16,140.3 1 1
github.com/furqonzt99/todo-api/delivery/controllers/todo/todo.go:152.16,154.3 1 1
github.com/furqonzt99/todo-api/delivery/controllers/todo/todo.go:159.54,162.16 2 0
github.com/furqonzt99/todo-api/delivery/controllers/todo/todo.go:166.2,176.16 7 0
github.com/furqonzt99/todo-api/delivery/controllers/todo/todo.go:180.2,180.60 1 0
github.com/furqonzt99/todo-api/delivery/controllers/todo/todo.go:162.16,164.3 1 0
github.com/furqonzt99/todo-api/delivery/controllers/todo/todo.go:176.16,178.3 1 0
github.com/furqonzt99/todo-api/repository/user/user.go:22.47,24.2 1 1
github.com/furqonzt99/todo-api/repository/user/user.go:26.75,28.16 2 1
github.com/furqonzt99/todo-api/repository/user/user.go:31.2,31.18 1 1
github.com/furqonzt99/todo-api/repository/user/user.go:28.16,30.3 1 1
github.com/furqonzt99/todo-api/repository/user/user.go:34.72,36.96 2 0
github.com/furqonzt99/todo-api/repository/user/user.go:39.2,39.19 1 0
github.com/furqonzt99/todo-api/repository/user/user.go:36.96,38.3 1 0
github.com/furqonzt99/todo-api/repository/user/user.go:42.64,45.16 3 1
github.com/furqonzt99/todo-api/repository/user/user.go:48.2,48.18 1 1
github.com/furqonzt99/todo-api/repository/user/user.go:45.16,47.3 1 1
github.com/furqonzt99/todo-api/repository/user/user.go:51.48,54.16 3 0
github.com/furqonzt99/todo-api/repository/user/user.go:57.2,57.12 1 0
github.com/furqonzt99/todo-api/repository/user/user.go:54.16,56.3 1 0
github.com/furqonzt99/todo-api/repository/user/user.go:60.73,62.16 2 1
github.com/furqonzt99/todo-api/repository/user/user.go:66.2,66.18 1 1
github.com/furqonzt99/todo-api/repository/user/user.go:62.16,64.3 1 1
github.com/furqonzt99/todo-api/repository/user/user.go:69.75,72.16 3 1
github.com/furqonzt99/todo-api/repository/user/user.go:75.2,75.18 1 1
github.com/furqonzt99/todo-api/repository/user/user.go:72.16,74.3 1 1
